./gradlew : WARNING: A restricted method in java.lang.System has been called
At line:1 char:13
+ cd android; ./gradlew assembleRelease 2>&1 | Out-File -FilePath ../bu ...
+             ~~~~~~~~~~~~~~~~~~~~~~~~~~~~~~
    + CategoryInfo          : NotSpecified: (WARNING: A rest...has been calle 
   d:String) [], RemoteException
    + FullyQualifiedErrorId : NativeCommandError
 
WARNING: java.lang.System::load has been called by 
net.rubygrapefruit.platform.internal.NativeLibraryLoader in an unnamed module 
(file:/C:/Users/amogh/.gradle/wrapper/dists/gradle-8.12-all/ejduaidbjup3bmmkhw
3rie4zb/gradle-8.12/lib/native-platform-0.22-milestone-27.jar)
WARNING: Use --enable-native-access=ALL-UNNAMED to avoid a warning for 
callers in this module
WARNING: Restricted methods will be blocked in a future release unless native 
access is enabled

> Task :gradle:checkKotlinGradlePluginConfigurationErrors SKIPPED
> Task :gradle:compileKotlin UP-TO-DATE
> Task :gradle:compileJava NO-SOURCE
> Task :gradle:compileGroovy NO-SOURCE
> Task :gradle:pluginDescriptors UP-TO-DATE
> Task :gradle:processResources UP-TO-DATE
> Task :gradle:classes UP-TO-DATE
> Task :gradle:jar UP-TO-DATE

[Incubating] Problems report is available at: file:///D:/Startup/SpecEI/SpecEI_app/specei_app/android/build/reports/problems/problems-report.html

FAILURE: Build failed with an exception.

* What went wrong:
A problem occurred configuring project ':audioplayers_android'.
> Could not create task ':audioplayers_android:testDebugUnitTest'.
   > Could not create task of type 'AndroidUnitTest'.
      > Could not create an instance of type 
org.gradle.api.internal.tasks.testing.DefaultTestTaskReports.
         > Could not create an instance of type 
org.gradle.api.reporting.internal.DefaultReportContainer.
            > Type T not present

* Try:
> Run with --stacktrace option to get the stack trace.
> Run with --info or --debug option to get more log output.
> Run with --scan to get full insights.
> Get more help at https://help.gradle.org.

Deprecated Gradle features were used in this build, making it incompatible with Gradle 9.0.

You can use '--warning-mode all' to show the individual deprecation warnings and determine if they come from your own scripts or plugins.

For more on this, please refer to https://docs.gradle.org/8.12/userguide/command_line_interface.html#sec:command_line_warnings in the Gradle documentation.

BUILD FAILED in 2s
4 actionable tasks: 4 up-to-date
